#
# There is insufficient memory for the Java Runtime Environment to continue.
# Native memory allocation (mmap) failed to map 132120576 bytes for G1 virtual space
# Possible reasons:
#   The system is out of physical RAM or swap space
#   The process is running with CompressedOops enabled, and the Java Heap may be blocking the growth of the native heap
# Possible solutions:
#   Reduce memory load on the system
#   Increase physical memory or swap space
#   Check if swap backing store is full
#   Decrease Java heap size (-Xmx/-Xms)
#   Decrease number of Java threads
#   Decrease Java thread stack sizes (-Xss)
#   Set larger code cache with -XX:ReservedCodeCacheSize=
#   JVM is running with Unscaled Compressed Oops mode in which the Java heap is
#     placed in the first 4GB address space. The Java Heap base address is the
#     maximum limit for the native heap growth. Please use -XX:HeapBaseMinAddress
#     to set the Java Heap base and to place the Java Heap above 4GB virtual address.
# This output file may be truncated or incomplete.
#
#  Out of Memory Error (os_windows.cpp:3600), pid=20028, tid=20092
#
# JRE version:  (21.0.1+12) (build )
# Java VM: Java HotSpot(TM) 64-Bit Server VM (21.0.1+12-LTS-29, mixed mode, sharing, tiered, compressed oops, compressed class ptrs, g1 gc, windows-amd64)
# No core dump will be written. Minidumps are not enabled by default on client versions of Windows
#

---------------  S U M M A R Y ------------

Command Line: -Dfile.encoding=windows-1252 -Duser.country=US -Duser.language=en -Duser.variant QuizSystem

Host: Intel(R) Core(TM) i5-8265U CPU @ 1.60GHz, 8 cores, 7G,  Windows 11 , 64 bit Build 22621 (10.0.22621.3085)
Time: Wed Feb 21 14:17:57 2024 Bangladesh Standard Time elapsed time: 0.012293 seconds (0d 0h 0m 0s)

---------------  T H R E A D  ---------------

Current thread (0x0000023f338d83b0):  JavaThread "Unknown thread" [_thread_in_vm, id=20092, stack(0x0000003f59800000,0x0000003f59900000) (1024K)]

Stack: [0x0000003f59800000,0x0000003f59900000]
Native frames: (J=compiled Java code, j=interpreted, Vv=VM code, C=native code)
V  [jvm.dll+0x6c9029]
V  [jvm.dll+0x854b81]
V  [jvm.dll+0x856e5e]
V  [jvm.dll+0x857543]
V  [jvm.dll+0x280c06]
V  [jvm.dll+0x6c5715]
V  [jvm.dll+0x6ba10a]
V  [jvm.dll+0x3557ea]
V  [jvm.dll+0x35d436]
V  [jvm.dll+0x3ae1be]
V  [jvm.dll+0x3ae468]
V  [jvm.dll+0x3291fc]
V  [jvm.dll+0x329d8b]
V  [jvm.dll+0x81d179]
V  [jvm.dll+0x3bb4f1]
V  [jvm.dll+0x805ae8]
V  [jvm.dll+0x44effe]
V  [jvm.dll+0x450901]
C  [jli.dll+0x52a3]
C  [ucrtbase.dll+0x29363]
C  [KERNEL32.DLL+0x1257d]
C  [ntdll.dll+0x5aa58]


---------------  P R O C E S S  ---------------

Threads class SMR info:
_java_thread_list=0x00007ff875489b88, length=0, elements={
}

Java Threads: ( => current thread )
Total: 0

Other Threads:
  0x0000023f35b3cdc0 WorkerThread "GC Thread#0"                     [id=20096, stack(0x0000003f59900000,0x0000003f59a00000) (1024K)]
  0x0000023f35b4d9d0 ConcurrentGCThread "G1 Main Marker"            [id=20100, stack(0x0000003f59a00000,0x0000003f59b00000) (1024K)]
  0x0000023f35b4ebe0 WorkerThread "G1 Conc#0"                       [id=20104, stack(0x0000003f59b00000,0x0000003f59c00000) (1024K)]

[error occurred during error reporting (printing all threads), id 0xc0000005, EXCEPTION_ACCESS_VIOLATION (0xc0000005) at pc=0x00007ff874bfc2c7]
VM state: not at safepoint (not fully initialized)

VM Mutex/Monitor currently owned by a thread:  ([mutex/lock_event])
[0x00007ff8754fa6f8] Heap_lock - owner thread: 0x0000023f338d83b0

Heap address: 0x0000000082400000, size: 2012 MB, Compressed Oops mode: 32-bit

CDS archive(s) mapped at: [0x0000000000000000-0x0000000000000000-0x0000000000000000), size 0, SharedBaseAddress: 0x0000000800000000, ArchiveRelocationMode: 1.
Narrow klass base: 0x0000000000000000, Narrow klass shift: 0, Narrow klass range: 0x0

GC Precious Log:
 CardTable entry size: 512
 Card Set container configuration: InlinePtr #cards 5 size 8 Array Of Cards #cards 12 size 40 Howl #buckets 4 coarsen threshold 1843 Howl Bitmap #cards 512 size 80 coarsen threshold 460 Card regions per heap region 1 cards per card region 2048

Heap:
 garbage-first heap   total 0K, used 0K [0x0000000082400000, 0x0000000100000000)
  region size 1024K, 0 young (0K), 0 survivors (0K)

[error occurred during error reporting (printing heap information), id 0xc0000005, EXCEPTION_ACCESS_VIOLATION (0xc0000005) at pc=0x00007ff874fe1be9]
GC Heap History (0 events):
No events

Dll operation events (1 events):
Event: 0.006 Loaded shared library C:\Program Files\Java\jdk-21\bin\java.dll

Deoptimization events (0 events):
No events

Classes loaded (0 events):
No events

Classes unloaded (0 events):
No events

Classes redefined (0 events):
No events

Internal exceptions (0 events):
No events

ZGC Phase Switch (0 events):
No events

VM Operations (0 events):
No events

Events (0 events):
No events


Dynamic libraries:
0x00007ff73fe90000 - 0x00007ff73fea0000 	C:\Program Files\Java\jdk-21\bin\java.exe
0x00007ff8be1d0000 - 0x00007ff8be3e7000 	C:\WINDOWS\SYSTEM32\ntdll.dll
0x00007ff8bd340000 - 0x00007ff8bd404000 	C:\WINDOWS\System32\KERNEL32.DLL
0x00007ff8bb7d0000 - 0x00007ff8bbb76000 	C:\WINDOWS\System32\KERNELBASE.dll
0x00007ff8bb540000 - 0x00007ff8bb651000 	C:\WINDOWS\System32\ucrtbase.dll
0x00007ff8b55b0000 - 0x00007ff8b55cb000 	C:\Program Files\Java\jdk-21\bin\VCRUNTIME140.dll
0x00007ff8b5690000 - 0x00007ff8b56a9000 	C:\Program Files\Java\jdk-21\bin\jli.dll
0x00007ff8bd410000 - 0x00007ff8bd4c3000 	C:\WINDOWS\System32\ADVAPI32.dll
0x00007ff8bc350000 - 0x00007ff8bc3f7000 	C:\WINDOWS\System32\msvcrt.dll
0x00007ff8be050000 - 0x00007ff8be0f8000 	C:\WINDOWS\System32\sechost.dll
0x00007ff8bb510000 - 0x00007ff8bb538000 	C:\WINDOWS\System32\bcrypt.dll
0x00007ff8bbfe0000 - 0x00007ff8bc0f7000 	C:\WINDOWS\System32\RPCRT4.dll
0x00007ff8bc110000 - 0x00007ff8bc2be000 	C:\WINDOWS\System32\USER32.dll
0x00007ff8a33d0000 - 0x00007ff8a3663000 	C:\WINDOWS\WinSxS\amd64_microsoft.windows.common-controls_6595b64144ccf1df_6.0.22621.2506_none_270c5ae97388e100\COMCTL32.dll
0x00007ff8bbef0000 - 0x00007ff8bbf16000 	C:\WINDOWS\System32\win32u.dll
0x00007ff8bd310000 - 0x00007ff8bd339000 	C:\WINDOWS\System32\GDI32.dll
0x00007ff8bbdd0000 - 0x00007ff8bbee8000 	C:\WINDOWS\System32\gdi32full.dll
0x00007ff8bbd30000 - 0x00007ff8bbdca000 	C:\WINDOWS\System32\msvcp_win.dll
0x00007ff8af3d0000 - 0x00007ff8af3da000 	C:\WINDOWS\SYSTEM32\VERSION.dll
0x00007ff8bd4d0000 - 0x00007ff8bd501000 	C:\WINDOWS\System32\IMM32.DLL
0x00007ff8b5550000 - 0x00007ff8b555c000 	C:\Program Files\Java\jdk-21\bin\vcruntime140_1.dll
0x00007ff8a28d0000 - 0x00007ff8a295e000 	C:\Program Files\Java\jdk-21\bin\msvcp140.dll
0x00007ff8748c0000 - 0x00007ff8755d5000 	C:\Program Files\Java\jdk-21\bin\server\jvm.dll
0x00007ff8be110000 - 0x00007ff8be181000 	C:\WINDOWS\System32\WS2_32.dll
0x00007ff8bac80000 - 0x00007ff8baccd000 	C:\WINDOWS\SYSTEM32\POWRPROF.dll
0x00007ff8b5780000 - 0x00007ff8b57b4000 	C:\WINDOWS\SYSTEM32\WINMM.dll
0x00007ff8bac10000 - 0x00007ff8bac23000 	C:\WINDOWS\SYSTEM32\UMPDC.dll
0x00007ff8ba510000 - 0x00007ff8ba528000 	C:\WINDOWS\SYSTEM32\kernel.appcore.dll
0x00007ff8b5540000 - 0x00007ff8b554a000 	C:\Program Files\Java\jdk-21\bin\jimage.dll
0x00007ff8b0310000 - 0x00007ff8b0543000 	C:\WINDOWS\SYSTEM32\DBGHELP.DLL
0x00007ff8bc400000 - 0x00007ff8bc789000 	C:\WINDOWS\System32\combase.dll
0x00007ff8bd130000 - 0x00007ff8bd207000 	C:\WINDOWS\System32\OLEAUT32.dll
0x00007ff8aeaf0000 - 0x00007ff8aeb22000 	C:\WINDOWS\SYSTEM32\dbgcore.DLL
0x00007ff8bbcb0000 - 0x00007ff8bbd2a000 	C:\WINDOWS\System32\bcryptPrimitives.dll
0x00007ff8a30b0000 - 0x00007ff8a30cf000 	C:\Program Files\Java\jdk-21\bin\java.dll

dbghelp: loaded successfully - version: 4.0.5 - missing functions: none
symbol engine: initialized successfully - sym options: 0x614 - pdb path: .;C:\Program Files\Java\jdk-21\bin;C:\WINDOWS\SYSTEM32;C:\WINDOWS\WinSxS\amd64_microsoft.windows.common-controls_6595b64144ccf1df_6.0.22621.2506_none_270c5ae97388e100;C:\Program Files\Java\jdk-21\bin\server

VM Arguments:
jvm_args: -Dfile.encoding=windows-1252 -Duser.country=US -Duser.language=en -Duser.variant 
java_command: QuizSystem
java_class_path (initial): F:\Java program\Quiz\build\classes\java\main;F:\Java program\Quiz\build\resources\main;C:\Users\Asus\.gradle\caches\modules-2\files-2.1\com.googlecode.json-simple\json-simple\1.1.1\c9ad4a0850ab676c5c64461a05ca524cdfff59f1\json-simple-1.1.1.jar;C:\Users\Asus\.gradle\caches\modules-2\files-2.1\com.google.code.gson\gson\2.8.8\431fc3cbc0ff81abdbfde070062741089c3ba874\gson-2.8.8.jar;C:\Users\Asus\.gradle\caches\modules-2\files-2.1\junit\junit\4.10\e4f1766ce7404a08f45d859fb9c226fc9e41a861\junit-4.10.jar;C:\Users\Asus\.gradle\caches\modules-2\files-2.1\org.hamcrest\hamcrest-core\1.1\860340562250678d1a344907ac75754e259cdb14\hamcrest-core-1.1.jar
Launcher Type: SUN_STANDARD

[Global flags]
     intx CICompilerCount                          = 4                                         {product} {ergonomic}
     uint ConcGCThreads                            = 2                                         {product} {ergonomic}
     uint G1ConcRefinementThreads                  = 8                                         {product} {ergonomic}
   size_t G1HeapRegionSize                         = 1048576                                   {product} {ergonomic}
    uintx GCDrainStackTargetSize                   = 64                                        {product} {ergonomic}
   size_t InitialHeapSize                          = 132120576                                 {product} {ergonomic}
   size_t MarkStackSize                            = 4194304                                   {product} {ergonomic}
   size_t MaxHeapSize                              = 2109734912                                {product} {ergonomic}
   size_t MinHeapDeltaBytes                        = 1048576                                   {product} {ergonomic}
   size_t MinHeapSize                              = 8388608                                   {product} {ergonomic}
    uintx NonNMethodCodeHeapSize                   = 5839372                                {pd product} {ergonomic}
    uintx NonProfiledCodeHeapSize                  = 122909434                              {pd product} {ergonomic}
    uintx ProfiledCodeHeapSize                     = 122909434                              {pd product} {ergonomic}
    uintx ReservedCodeCacheSize                    = 251658240                              {pd product} {ergonomic}
     bool SegmentedCodeCache                       = true                                      {product} {ergonomic}
   size_t SoftMaxHeapSize                          = 2109734912                             {manageable} {ergonomic}
     bool UseCompressedOops                        = true                           {product lp64_product} {ergonomic}
     bool UseG1GC                                  = true                                      {product} {ergonomic}
     bool UseLargePagesIndividualAllocation        = false                                  {pd product} {ergonomic}

Logging:
Log output configuration:
 #0: stdout all=warning uptime,level,tags foldmultilines=false
 #1: stderr all=off uptime,level,tags foldmultilines=false

Environment Variables:
JAVA_HOME=C:\Program Files\Java\jdk-21
PATH=C:\Program Files\Common Files\Oracle\Java\javapath;C:\WINDOWS\system32;C:\WINDOWS;C:\WINDOWS\System32\Wbem;C:\WINDOWS\System32\WindowsPowerShell\v1.0\;C:\WINDOWS\System32\OpenSSH\;C:\Program Files\Git\cmd;C:\Program Files\nodejs\;C:\Program Files\Java\jdk-21\bin;F:\apache-jmeter-5.6.3\apache-jmeter-5.6.3\bin;C:\Users\Asus\AppData\Local\Microsoft\WindowsApps;;C:\Users\Asus\AppData\Roaming\npm;C:\Users\Asus\AppData\Local\Programs\Microsoft VS Code\bin
USERNAME=Asus
OS=Windows_NT
PROCESSOR_IDENTIFIER=Intel64 Family 6 Model 142 Stepping 12, GenuineIntel
TMP=C:\Users\Asus\AppData\Local\Temp
TEMP=C:\Users\Asus\AppData\Local\Temp




Periodic native trim disabled

---------------  S Y S T E M  ---------------

OS:
 Windows 11 , 64 bit Build 22621 (10.0.22621.3085)
OS uptime: 7 days 1:35 hours
Hyper-V role detected

CPU: total 8 (initial active 8) (4 cores per cpu, 2 threads per core) family 6 model 142 stepping 12 microcode 0xde, cx8, cmov, fxsr, ht, mmx, 3dnowpref, sse, sse2, sse3, ssse3, sse4.1, sse4.2, popcnt, lzcnt, tsc, tscinvbit, avx, avx2, aes, erms, clmul, bmi1, bmi2, adx, fma, vzeroupper, clflush, clflushopt, hv, rdtscp, f16c
Processor Information for all 8 processors :
  Max Mhz: 1800, Current Mhz: 1600, Mhz Limit: 1584

Memory: 4k page, system-wide physical 8043M (438M free)
TotalPageFile size 23192M (AvailPageFile size 41M)
current process WorkingSet (physical memory assigned to process): 11M, peak: 11M
current process commit charge ("private bytes"): 60M, peak: 186M

vm_info: Java HotSpot(TM) 64-Bit Server VM (21.0.1+12-LTS-29) for windows-amd64 JRE (21.0.1+12-LTS-29), built on 2023-10-05T13:27:09Z by "mach5one" with MS VC++ 17.1 (VS2022)

END.
